[2022-12-04T18:13:19.764+0000] {taskinstance.py:1087} INFO - Dependencies all met for <TaskInstance: model_training.train_model manual__2022-12-04T18:13:14.531428+00:00 [queued]>
[2022-12-04T18:13:19.771+0000] {taskinstance.py:1087} INFO - Dependencies all met for <TaskInstance: model_training.train_model manual__2022-12-04T18:13:14.531428+00:00 [queued]>
[2022-12-04T18:13:19.771+0000] {taskinstance.py:1283} INFO - 
--------------------------------------------------------------------------------
[2022-12-04T18:13:19.773+0000] {taskinstance.py:1284} INFO - Starting attempt 1 of 1
[2022-12-04T18:13:19.774+0000] {taskinstance.py:1285} INFO - 
--------------------------------------------------------------------------------
[2022-12-04T18:13:19.782+0000] {taskinstance.py:1304} INFO - Executing <Task(PythonOperator): train_model> on 2022-12-04 18:13:14.531428+00:00
[2022-12-04T18:13:19.788+0000] {standard_task_runner.py:55} INFO - Started process 6999 to run task
[2022-12-04T18:13:19.792+0000] {standard_task_runner.py:82} INFO - Running: ['***', 'tasks', 'run', 'model_training', 'train_model', 'manual__2022-12-04T18:13:14.531428+00:00', '--job-id', '94', '--raw', '--subdir', 'DAGS_FOLDER/train_model.py', '--cfg-path', '/tmp/tmpj2sjq2zc']
[2022-12-04T18:13:19.795+0000] {standard_task_runner.py:83} INFO - Job 94: Subtask train_model
[2022-12-04T18:13:19.854+0000] {task_command.py:389} INFO - Running <TaskInstance: model_training.train_model manual__2022-12-04T18:13:14.531428+00:00 [running]> on host c7dedbf79ea9
[2022-12-04T18:13:19.906+0000] {taskinstance.py:1513} INFO - Exporting the following env vars:
AIRFLOW_CTX_DAG_OWNER=***
AIRFLOW_CTX_DAG_ID=model_training
AIRFLOW_CTX_TASK_ID=train_model
AIRFLOW_CTX_EXECUTION_DATE=2022-12-04T18:13:14.531428+00:00
AIRFLOW_CTX_TRY_NUMBER=1
AIRFLOW_CTX_DAG_RUN_ID=manual__2022-12-04T18:13:14.531428+00:00
[2022-12-04T18:13:30.162+0000] {python.py:177} INFO - Done. Returned value was: None
[2022-12-04T18:13:30.187+0000] {taskinstance.py:1327} INFO - Marking task as SUCCESS. dag_id=model_training, task_id=train_model, execution_date=20221204T181314, start_date=20221204T181319, end_date=20221204T181330
[2022-12-04T18:13:30.253+0000] {local_task_job.py:159} INFO - Task exited with return code 0
[2022-12-04T18:13:30.290+0000] {taskinstance.py:2582} INFO - 1 downstream tasks scheduled from follow-on schedule check
