[2022-12-04T18:07:36.312+0000] {taskinstance.py:1087} INFO - Dependencies all met for <TaskInstance: model_training.train_model manual__2022-12-04T18:07:29.749109+00:00 [queued]>
[2022-12-04T18:07:36.320+0000] {taskinstance.py:1087} INFO - Dependencies all met for <TaskInstance: model_training.train_model manual__2022-12-04T18:07:29.749109+00:00 [queued]>
[2022-12-04T18:07:36.321+0000] {taskinstance.py:1283} INFO - 
--------------------------------------------------------------------------------
[2022-12-04T18:07:36.322+0000] {taskinstance.py:1284} INFO - Starting attempt 1 of 1
[2022-12-04T18:07:36.323+0000] {taskinstance.py:1285} INFO - 
--------------------------------------------------------------------------------
[2022-12-04T18:07:36.332+0000] {taskinstance.py:1304} INFO - Executing <Task(PythonOperator): train_model> on 2022-12-04 18:07:29.749109+00:00
[2022-12-04T18:07:36.339+0000] {standard_task_runner.py:55} INFO - Started process 6583 to run task
[2022-12-04T18:07:36.343+0000] {standard_task_runner.py:82} INFO - Running: ['***', 'tasks', 'run', 'model_training', 'train_model', 'manual__2022-12-04T18:07:29.749109+00:00', '--job-id', '86', '--raw', '--subdir', 'DAGS_FOLDER/train_model.py', '--cfg-path', '/tmp/tmpzd09tn1s']
[2022-12-04T18:07:36.346+0000] {standard_task_runner.py:83} INFO - Job 86: Subtask train_model
[2022-12-04T18:07:36.404+0000] {task_command.py:389} INFO - Running <TaskInstance: model_training.train_model manual__2022-12-04T18:07:29.749109+00:00 [running]> on host c7dedbf79ea9
[2022-12-04T18:07:36.458+0000] {taskinstance.py:1513} INFO - Exporting the following env vars:
AIRFLOW_CTX_DAG_OWNER=***
AIRFLOW_CTX_DAG_ID=model_training
AIRFLOW_CTX_TASK_ID=train_model
AIRFLOW_CTX_EXECUTION_DATE=2022-12-04T18:07:29.749109+00:00
AIRFLOW_CTX_TRY_NUMBER=1
AIRFLOW_CTX_DAG_RUN_ID=manual__2022-12-04T18:07:29.749109+00:00
[2022-12-04T18:07:45.680+0000] {python.py:177} INFO - Done. Returned value was: None
[2022-12-04T18:07:45.693+0000] {taskinstance.py:1327} INFO - Marking task as SUCCESS. dag_id=model_training, task_id=train_model, execution_date=20221204T180729, start_date=20221204T180736, end_date=20221204T180745
[2022-12-04T18:07:45.755+0000] {local_task_job.py:159} INFO - Task exited with return code 0
[2022-12-04T18:07:45.772+0000] {taskinstance.py:2582} INFO - 0 downstream tasks scheduled from follow-on schedule check
