[2022-12-04T18:09:21.557+0000] {taskinstance.py:1087} INFO - Dependencies all met for <TaskInstance: model_training.train_model manual__2022-12-04T18:09:15.186734+00:00 [queued]>
[2022-12-04T18:09:21.564+0000] {taskinstance.py:1087} INFO - Dependencies all met for <TaskInstance: model_training.train_model manual__2022-12-04T18:09:15.186734+00:00 [queued]>
[2022-12-04T18:09:21.565+0000] {taskinstance.py:1283} INFO - 
--------------------------------------------------------------------------------
[2022-12-04T18:09:21.570+0000] {taskinstance.py:1284} INFO - Starting attempt 1 of 1
[2022-12-04T18:09:21.571+0000] {taskinstance.py:1285} INFO - 
--------------------------------------------------------------------------------
[2022-12-04T18:09:21.581+0000] {taskinstance.py:1304} INFO - Executing <Task(PythonOperator): train_model> on 2022-12-04 18:09:15.186734+00:00
[2022-12-04T18:09:21.588+0000] {standard_task_runner.py:55} INFO - Started process 6713 to run task
[2022-12-04T18:09:21.592+0000] {standard_task_runner.py:82} INFO - Running: ['***', 'tasks', 'run', 'model_training', 'train_model', 'manual__2022-12-04T18:09:15.186734+00:00', '--job-id', '90', '--raw', '--subdir', 'DAGS_FOLDER/train_model.py', '--cfg-path', '/tmp/tmpw3ql8uqc']
[2022-12-04T18:09:21.596+0000] {standard_task_runner.py:83} INFO - Job 90: Subtask train_model
[2022-12-04T18:09:21.665+0000] {task_command.py:389} INFO - Running <TaskInstance: model_training.train_model manual__2022-12-04T18:09:15.186734+00:00 [running]> on host c7dedbf79ea9
[2022-12-04T18:09:21.716+0000] {taskinstance.py:1513} INFO - Exporting the following env vars:
AIRFLOW_CTX_DAG_OWNER=***
AIRFLOW_CTX_DAG_ID=model_training
AIRFLOW_CTX_TASK_ID=train_model
AIRFLOW_CTX_EXECUTION_DATE=2022-12-04T18:09:15.186734+00:00
AIRFLOW_CTX_TRY_NUMBER=1
AIRFLOW_CTX_DAG_RUN_ID=manual__2022-12-04T18:09:15.186734+00:00
[2022-12-04T18:09:31.420+0000] {python.py:177} INFO - Done. Returned value was: None
[2022-12-04T18:09:31.441+0000] {taskinstance.py:1327} INFO - Marking task as SUCCESS. dag_id=model_training, task_id=train_model, execution_date=20221204T180915, start_date=20221204T180921, end_date=20221204T180931
[2022-12-04T18:09:31.520+0000] {local_task_job.py:159} INFO - Task exited with return code 0
[2022-12-04T18:09:31.551+0000] {taskinstance.py:2582} INFO - 1 downstream tasks scheduled from follow-on schedule check
