[2022-12-04T18:07:31.790+0000] {taskinstance.py:1087} INFO - Dependencies all met for <TaskInstance: model_training.preprocess_data manual__2022-12-04T18:07:29.749109+00:00 [queued]>
[2022-12-04T18:07:31.799+0000] {taskinstance.py:1087} INFO - Dependencies all met for <TaskInstance: model_training.preprocess_data manual__2022-12-04T18:07:29.749109+00:00 [queued]>
[2022-12-04T18:07:31.800+0000] {taskinstance.py:1283} INFO - 
--------------------------------------------------------------------------------
[2022-12-04T18:07:31.801+0000] {taskinstance.py:1284} INFO - Starting attempt 1 of 1
[2022-12-04T18:07:31.803+0000] {taskinstance.py:1285} INFO - 
--------------------------------------------------------------------------------
[2022-12-04T18:07:31.815+0000] {taskinstance.py:1304} INFO - Executing <Task(PythonOperator): preprocess_data> on 2022-12-04 18:07:29.749109+00:00
[2022-12-04T18:07:31.824+0000] {standard_task_runner.py:55} INFO - Started process 6563 to run task
[2022-12-04T18:07:31.830+0000] {standard_task_runner.py:82} INFO - Running: ['***', 'tasks', 'run', 'model_training', 'preprocess_data', 'manual__2022-12-04T18:07:29.749109+00:00', '--job-id', '84', '--raw', '--subdir', 'DAGS_FOLDER/train_model.py', '--cfg-path', '/tmp/tmp1hh9xb_l']
[2022-12-04T18:07:31.850+0000] {standard_task_runner.py:83} INFO - Job 84: Subtask preprocess_data
[2022-12-04T18:07:31.925+0000] {task_command.py:389} INFO - Running <TaskInstance: model_training.preprocess_data manual__2022-12-04T18:07:29.749109+00:00 [running]> on host c7dedbf79ea9
[2022-12-04T18:07:31.988+0000] {taskinstance.py:1513} INFO - Exporting the following env vars:
AIRFLOW_CTX_DAG_OWNER=***
AIRFLOW_CTX_DAG_ID=model_training
AIRFLOW_CTX_TASK_ID=preprocess_data
AIRFLOW_CTX_EXECUTION_DATE=2022-12-04T18:07:29.749109+00:00
AIRFLOW_CTX_TRY_NUMBER=1
AIRFLOW_CTX_DAG_RUN_ID=manual__2022-12-04T18:07:29.749109+00:00
[2022-12-04T18:07:32.513+0000] {python.py:177} INFO - Done. Returned value was: None
[2022-12-04T18:07:32.523+0000] {taskinstance.py:1327} INFO - Marking task as SUCCESS. dag_id=model_training, task_id=preprocess_data, execution_date=20221204T180729, start_date=20221204T180731, end_date=20221204T180732
[2022-12-04T18:07:32.567+0000] {local_task_job.py:159} INFO - Task exited with return code 0
[2022-12-04T18:07:32.590+0000] {taskinstance.py:2582} INFO - 1 downstream tasks scheduled from follow-on schedule check
