[2022-12-04T16:12:58.133+0000] {taskinstance.py:1087} INFO - Dependencies all met for <TaskInstance: data_generation.notification scheduled__2022-12-03T12:00:00+00:00 [queued]>
[2022-12-04T16:12:58.145+0000] {taskinstance.py:1087} INFO - Dependencies all met for <TaskInstance: data_generation.notification scheduled__2022-12-03T12:00:00+00:00 [queued]>
[2022-12-04T16:12:58.147+0000] {taskinstance.py:1283} INFO - 
--------------------------------------------------------------------------------
[2022-12-04T16:12:58.148+0000] {taskinstance.py:1284} INFO - Starting attempt 1 of 1
[2022-12-04T16:12:58.150+0000] {taskinstance.py:1285} INFO - 
--------------------------------------------------------------------------------
[2022-12-04T16:12:58.172+0000] {taskinstance.py:1304} INFO - Executing <Task(BashOperator): notification> on 2022-12-03 12:00:00+00:00
[2022-12-04T16:12:58.194+0000] {standard_task_runner.py:55} INFO - Started process 312 to run task
[2022-12-04T16:12:58.200+0000] {standard_task_runner.py:82} INFO - Running: ['***', 'tasks', 'run', 'data_generation', 'notification', 'scheduled__2022-12-03T12:00:00+00:00', '--job-id', '28', '--raw', '--subdir', 'DAGS_FOLDER/generate_data.py', '--cfg-path', '/tmp/tmplhmcqriq']
[2022-12-04T16:12:58.205+0000] {standard_task_runner.py:83} INFO - Job 28: Subtask notification
[2022-12-04T16:12:58.288+0000] {task_command.py:389} INFO - Running <TaskInstance: data_generation.notification scheduled__2022-12-03T12:00:00+00:00 [running]> on host c7dedbf79ea9
[2022-12-04T16:12:58.356+0000] {taskinstance.py:1513} INFO - Exporting the following env vars:
AIRFLOW_CTX_DAG_OWNER=***
AIRFLOW_CTX_DAG_ID=data_generation
AIRFLOW_CTX_TASK_ID=notification
AIRFLOW_CTX_EXECUTION_DATE=2022-12-03T12:00:00+00:00
AIRFLOW_CTX_TRY_NUMBER=1
AIRFLOW_CTX_DAG_RUN_ID=scheduled__2022-12-03T12:00:00+00:00
[2022-12-04T16:12:58.359+0000] {subprocess.py:63} INFO - Tmp dir root location: 
 /tmp
[2022-12-04T16:12:58.361+0000] {subprocess.py:75} INFO - Running command: ['/bin/bash', '-c', 'echo received data at 2022-12-03']
[2022-12-04T16:12:58.378+0000] {subprocess.py:86} INFO - Output:
[2022-12-04T16:12:58.381+0000] {subprocess.py:93} INFO - received data at 2022-12-03
[2022-12-04T16:12:58.383+0000] {subprocess.py:97} INFO - Command exited with return code 0
[2022-12-04T16:12:58.430+0000] {taskinstance.py:1327} INFO - Marking task as SUCCESS. dag_id=data_generation, task_id=notification, execution_date=20221203T120000, start_date=20221204T161258, end_date=20221204T161258
[2022-12-04T16:12:58.495+0000] {local_task_job.py:159} INFO - Task exited with return code 0
[2022-12-04T16:12:58.524+0000] {taskinstance.py:2582} INFO - 0 downstream tasks scheduled from follow-on schedule check
