[2022-12-04T18:16:22.779+0000] {processor.py:153} INFO - Started process (PID=14795) to work on /opt/airflow/dags/predict_values.py
[2022-12-04T18:16:22.781+0000] {processor.py:743} INFO - Processing file /opt/airflow/dags/predict_values.py for tasks to queue
[2022-12-04T18:16:22.783+0000] {logging_mixin.py:137} INFO - [2022-12-04T18:16:22.783+0000] {dagbag.py:538} INFO - Filling up the DagBag from /opt/airflow/dags/predict_values.py
[2022-12-04T18:16:23.255+0000] {processor.py:755} WARNING - No viable dags retrieved from /opt/airflow/dags/predict_values.py
[2022-12-04T18:16:23.270+0000] {processor.py:175} INFO - Processing /opt/airflow/dags/predict_values.py took 0.496 seconds
[2022-12-04T18:16:53.549+0000] {processor.py:153} INFO - Started process (PID=14866) to work on /opt/airflow/dags/predict_values.py
[2022-12-04T18:16:53.552+0000] {processor.py:743} INFO - Processing file /opt/airflow/dags/predict_values.py for tasks to queue
[2022-12-04T18:16:53.553+0000] {logging_mixin.py:137} INFO - [2022-12-04T18:16:53.553+0000] {dagbag.py:538} INFO - Filling up the DagBag from /opt/airflow/dags/predict_values.py
[2022-12-04T18:16:54.029+0000] {processor.py:755} WARNING - No viable dags retrieved from /opt/airflow/dags/predict_values.py
[2022-12-04T18:16:54.043+0000] {processor.py:175} INFO - Processing /opt/airflow/dags/predict_values.py took 0.499 seconds
[2022-12-04T18:17:24.233+0000] {processor.py:153} INFO - Started process (PID=14948) to work on /opt/airflow/dags/predict_values.py
[2022-12-04T18:17:24.236+0000] {processor.py:743} INFO - Processing file /opt/airflow/dags/predict_values.py for tasks to queue
[2022-12-04T18:17:24.238+0000] {logging_mixin.py:137} INFO - [2022-12-04T18:17:24.238+0000] {dagbag.py:538} INFO - Filling up the DagBag from /opt/airflow/dags/predict_values.py
[2022-12-04T18:17:24.755+0000] {processor.py:755} WARNING - No viable dags retrieved from /opt/airflow/dags/predict_values.py
[2022-12-04T18:17:24.770+0000] {processor.py:175} INFO - Processing /opt/airflow/dags/predict_values.py took 0.542 seconds
[2022-12-04T18:17:55.208+0000] {processor.py:153} INFO - Started process (PID=15028) to work on /opt/airflow/dags/predict_values.py
[2022-12-04T18:17:55.211+0000] {processor.py:743} INFO - Processing file /opt/airflow/dags/predict_values.py for tasks to queue
[2022-12-04T18:17:55.212+0000] {logging_mixin.py:137} INFO - [2022-12-04T18:17:55.212+0000] {dagbag.py:538} INFO - Filling up the DagBag from /opt/airflow/dags/predict_values.py
[2022-12-04T18:17:55.697+0000] {processor.py:755} WARNING - No viable dags retrieved from /opt/airflow/dags/predict_values.py
[2022-12-04T18:17:55.749+0000] {processor.py:175} INFO - Processing /opt/airflow/dags/predict_values.py took 0.545 seconds
[2022-12-04T18:18:26.545+0000] {processor.py:153} INFO - Started process (PID=15102) to work on /opt/airflow/dags/predict_values.py
[2022-12-04T18:18:26.548+0000] {processor.py:743} INFO - Processing file /opt/airflow/dags/predict_values.py for tasks to queue
[2022-12-04T18:18:26.550+0000] {logging_mixin.py:137} INFO - [2022-12-04T18:18:26.550+0000] {dagbag.py:538} INFO - Filling up the DagBag from /opt/airflow/dags/predict_values.py
[2022-12-04T18:18:27.365+0000] {processor.py:755} WARNING - No viable dags retrieved from /opt/airflow/dags/predict_values.py
[2022-12-04T18:18:27.397+0000] {processor.py:175} INFO - Processing /opt/airflow/dags/predict_values.py took 0.856 seconds
[2022-12-04T18:18:58.152+0000] {processor.py:153} INFO - Started process (PID=15185) to work on /opt/airflow/dags/predict_values.py
[2022-12-04T18:18:58.155+0000] {processor.py:743} INFO - Processing file /opt/airflow/dags/predict_values.py for tasks to queue
[2022-12-04T18:18:58.157+0000] {logging_mixin.py:137} INFO - [2022-12-04T18:18:58.157+0000] {dagbag.py:538} INFO - Filling up the DagBag from /opt/airflow/dags/predict_values.py
[2022-12-04T18:18:58.546+0000] {processor.py:755} WARNING - No viable dags retrieved from /opt/airflow/dags/predict_values.py
[2022-12-04T18:18:58.560+0000] {processor.py:175} INFO - Processing /opt/airflow/dags/predict_values.py took 0.414 seconds
[2022-12-04T18:19:28.794+0000] {processor.py:153} INFO - Started process (PID=15255) to work on /opt/airflow/dags/predict_values.py
[2022-12-04T18:19:28.797+0000] {processor.py:743} INFO - Processing file /opt/airflow/dags/predict_values.py for tasks to queue
[2022-12-04T18:19:28.799+0000] {logging_mixin.py:137} INFO - [2022-12-04T18:19:28.799+0000] {dagbag.py:538} INFO - Filling up the DagBag from /opt/airflow/dags/predict_values.py
[2022-12-04T18:19:29.275+0000] {processor.py:755} WARNING - No viable dags retrieved from /opt/airflow/dags/predict_values.py
[2022-12-04T18:19:29.291+0000] {processor.py:175} INFO - Processing /opt/airflow/dags/predict_values.py took 0.502 seconds
[2022-12-04T18:19:59.689+0000] {processor.py:153} INFO - Started process (PID=15338) to work on /opt/airflow/dags/predict_values.py
[2022-12-04T18:19:59.692+0000] {processor.py:743} INFO - Processing file /opt/airflow/dags/predict_values.py for tasks to queue
[2022-12-04T18:19:59.694+0000] {logging_mixin.py:137} INFO - [2022-12-04T18:19:59.694+0000] {dagbag.py:538} INFO - Filling up the DagBag from /opt/airflow/dags/predict_values.py
[2022-12-04T18:20:00.140+0000] {processor.py:755} WARNING - No viable dags retrieved from /opt/airflow/dags/predict_values.py
[2022-12-04T18:20:00.154+0000] {processor.py:175} INFO - Processing /opt/airflow/dags/predict_values.py took 0.469 seconds
[2022-12-04T18:20:30.452+0000] {processor.py:153} INFO - Started process (PID=15415) to work on /opt/airflow/dags/predict_values.py
[2022-12-04T18:20:30.454+0000] {processor.py:743} INFO - Processing file /opt/airflow/dags/predict_values.py for tasks to queue
[2022-12-04T18:20:30.456+0000] {logging_mixin.py:137} INFO - [2022-12-04T18:20:30.456+0000] {dagbag.py:538} INFO - Filling up the DagBag from /opt/airflow/dags/predict_values.py
[2022-12-04T18:20:30.924+0000] {processor.py:755} WARNING - No viable dags retrieved from /opt/airflow/dags/predict_values.py
[2022-12-04T18:20:30.937+0000] {processor.py:175} INFO - Processing /opt/airflow/dags/predict_values.py took 0.489 seconds
[2022-12-04T18:21:01.074+0000] {processor.py:153} INFO - Started process (PID=15491) to work on /opt/airflow/dags/predict_values.py
[2022-12-04T18:21:01.077+0000] {processor.py:743} INFO - Processing file /opt/airflow/dags/predict_values.py for tasks to queue
[2022-12-04T18:21:01.080+0000] {logging_mixin.py:137} INFO - [2022-12-04T18:21:01.079+0000] {dagbag.py:538} INFO - Filling up the DagBag from /opt/airflow/dags/predict_values.py
[2022-12-04T18:21:01.584+0000] {processor.py:755} WARNING - No viable dags retrieved from /opt/airflow/dags/predict_values.py
[2022-12-04T18:21:01.600+0000] {processor.py:175} INFO - Processing /opt/airflow/dags/predict_values.py took 0.533 seconds
[2022-12-04T18:21:31.937+0000] {processor.py:153} INFO - Started process (PID=15573) to work on /opt/airflow/dags/predict_values.py
[2022-12-04T18:21:31.946+0000] {processor.py:743} INFO - Processing file /opt/airflow/dags/predict_values.py for tasks to queue
[2022-12-04T18:21:31.951+0000] {logging_mixin.py:137} INFO - [2022-12-04T18:21:31.951+0000] {dagbag.py:538} INFO - Filling up the DagBag from /opt/airflow/dags/predict_values.py
[2022-12-04T18:21:32.665+0000] {processor.py:755} WARNING - No viable dags retrieved from /opt/airflow/dags/predict_values.py
[2022-12-04T18:21:32.681+0000] {processor.py:175} INFO - Processing /opt/airflow/dags/predict_values.py took 0.756 seconds
[2022-12-04T18:22:03.067+0000] {processor.py:153} INFO - Started process (PID=15643) to work on /opt/airflow/dags/predict_values.py
[2022-12-04T18:22:03.069+0000] {processor.py:743} INFO - Processing file /opt/airflow/dags/predict_values.py for tasks to queue
[2022-12-04T18:22:03.071+0000] {logging_mixin.py:137} INFO - [2022-12-04T18:22:03.071+0000] {dagbag.py:538} INFO - Filling up the DagBag from /opt/airflow/dags/predict_values.py
[2022-12-04T18:22:03.505+0000] {processor.py:755} WARNING - No viable dags retrieved from /opt/airflow/dags/predict_values.py
[2022-12-04T18:22:03.522+0000] {processor.py:175} INFO - Processing /opt/airflow/dags/predict_values.py took 0.458 seconds
[2022-12-04T18:22:34.042+0000] {processor.py:153} INFO - Started process (PID=15725) to work on /opt/airflow/dags/predict_values.py
[2022-12-04T18:22:34.047+0000] {processor.py:743} INFO - Processing file /opt/airflow/dags/predict_values.py for tasks to queue
[2022-12-04T18:22:34.053+0000] {logging_mixin.py:137} INFO - [2022-12-04T18:22:34.053+0000] {dagbag.py:538} INFO - Filling up the DagBag from /opt/airflow/dags/predict_values.py
[2022-12-04T18:22:34.741+0000] {processor.py:755} WARNING - No viable dags retrieved from /opt/airflow/dags/predict_values.py
[2022-12-04T18:22:34.760+0000] {processor.py:175} INFO - Processing /opt/airflow/dags/predict_values.py took 0.727 seconds
[2022-12-04T18:23:05.330+0000] {processor.py:153} INFO - Started process (PID=15794) to work on /opt/airflow/dags/predict_values.py
[2022-12-04T18:23:05.332+0000] {processor.py:743} INFO - Processing file /opt/airflow/dags/predict_values.py for tasks to queue
[2022-12-04T18:23:05.334+0000] {logging_mixin.py:137} INFO - [2022-12-04T18:23:05.334+0000] {dagbag.py:538} INFO - Filling up the DagBag from /opt/airflow/dags/predict_values.py
[2022-12-04T18:23:06.024+0000] {processor.py:755} WARNING - No viable dags retrieved from /opt/airflow/dags/predict_values.py
[2022-12-04T18:23:06.044+0000] {processor.py:175} INFO - Processing /opt/airflow/dags/predict_values.py took 0.719 seconds
[2022-12-04T18:23:36.227+0000] {processor.py:153} INFO - Started process (PID=15877) to work on /opt/airflow/dags/predict_values.py
[2022-12-04T18:23:36.230+0000] {processor.py:743} INFO - Processing file /opt/airflow/dags/predict_values.py for tasks to queue
[2022-12-04T18:23:36.232+0000] {logging_mixin.py:137} INFO - [2022-12-04T18:23:36.232+0000] {dagbag.py:538} INFO - Filling up the DagBag from /opt/airflow/dags/predict_values.py
[2022-12-04T18:23:37.090+0000] {processor.py:755} WARNING - No viable dags retrieved from /opt/airflow/dags/predict_values.py
[2022-12-04T18:23:37.119+0000] {processor.py:175} INFO - Processing /opt/airflow/dags/predict_values.py took 0.902 seconds
[2022-12-04T18:24:07.331+0000] {processor.py:153} INFO - Started process (PID=15956) to work on /opt/airflow/dags/predict_values.py
[2022-12-04T18:24:07.334+0000] {processor.py:743} INFO - Processing file /opt/airflow/dags/predict_values.py for tasks to queue
[2022-12-04T18:24:07.336+0000] {logging_mixin.py:137} INFO - [2022-12-04T18:24:07.336+0000] {dagbag.py:538} INFO - Filling up the DagBag from /opt/airflow/dags/predict_values.py
[2022-12-04T18:24:08.089+0000] {processor.py:755} WARNING - No viable dags retrieved from /opt/airflow/dags/predict_values.py
[2022-12-04T18:24:08.110+0000] {processor.py:175} INFO - Processing /opt/airflow/dags/predict_values.py took 0.783 seconds
[2022-12-04T18:24:38.530+0000] {processor.py:153} INFO - Started process (PID=16030) to work on /opt/airflow/dags/predict_values.py
[2022-12-04T18:24:38.538+0000] {processor.py:743} INFO - Processing file /opt/airflow/dags/predict_values.py for tasks to queue
[2022-12-04T18:24:38.541+0000] {logging_mixin.py:137} INFO - [2022-12-04T18:24:38.540+0000] {dagbag.py:538} INFO - Filling up the DagBag from /opt/airflow/dags/predict_values.py
[2022-12-04T18:24:39.301+0000] {processor.py:755} WARNING - No viable dags retrieved from /opt/airflow/dags/predict_values.py
[2022-12-04T18:24:39.321+0000] {processor.py:175} INFO - Processing /opt/airflow/dags/predict_values.py took 0.799 seconds
[2022-12-04T18:24:40.544+0000] {processor.py:153} INFO - Started process (PID=16034) to work on /opt/airflow/dags/predict_values.py
[2022-12-04T18:24:40.563+0000] {processor.py:743} INFO - Processing file /opt/airflow/dags/predict_values.py for tasks to queue
[2022-12-04T18:24:40.569+0000] {logging_mixin.py:137} INFO - [2022-12-04T18:24:40.568+0000] {dagbag.py:538} INFO - Filling up the DagBag from /opt/airflow/dags/predict_values.py
[2022-12-04T18:24:41.535+0000] {processor.py:753} INFO - DAG(s) dict_keys(['data_generation']) retrieved from /opt/airflow/dags/predict_values.py
[2022-12-04T18:24:41.589+0000] {logging_mixin.py:137} INFO - [2022-12-04T18:24:41.589+0000] {dag.py:2676} INFO - Sync 1 DAGs
[2022-12-04T18:24:41.612+0000] {logging_mixin.py:137} INFO - [2022-12-04T18:24:41.612+0000] {dag.py:3427} INFO - Setting next_dagrun for data_generation to 2022-12-04T00:00:00+00:00, run_after=2022-12-05T00:00:00+00:00
[2022-12-04T18:24:41.629+0000] {processor.py:175} INFO - Processing /opt/airflow/dags/predict_values.py took 1.106 seconds
[2022-12-04T18:25:11.956+0000] {processor.py:153} INFO - Started process (PID=16116) to work on /opt/airflow/dags/predict_values.py
[2022-12-04T18:25:11.961+0000] {processor.py:743} INFO - Processing file /opt/airflow/dags/predict_values.py for tasks to queue
[2022-12-04T18:25:11.963+0000] {logging_mixin.py:137} INFO - [2022-12-04T18:25:11.963+0000] {dagbag.py:538} INFO - Filling up the DagBag from /opt/airflow/dags/predict_values.py
[2022-12-04T18:25:12.363+0000] {processor.py:753} INFO - DAG(s) dict_keys(['data_generation']) retrieved from /opt/airflow/dags/predict_values.py
[2022-12-04T18:25:12.389+0000] {logging_mixin.py:137} INFO - [2022-12-04T18:25:12.389+0000] {dag.py:2676} INFO - Sync 1 DAGs
[2022-12-04T18:25:12.404+0000] {logging_mixin.py:137} INFO - [2022-12-04T18:25:12.404+0000] {dag.py:3427} INFO - Setting next_dagrun for data_generation to 2022-12-04T00:00:00+00:00, run_after=2022-12-05T00:00:00+00:00
[2022-12-04T18:25:12.415+0000] {processor.py:175} INFO - Processing /opt/airflow/dags/predict_values.py took 0.461 seconds
[2022-12-04T18:25:43.215+0000] {processor.py:153} INFO - Started process (PID=16199) to work on /opt/airflow/dags/predict_values.py
[2022-12-04T18:25:43.226+0000] {processor.py:743} INFO - Processing file /opt/airflow/dags/predict_values.py for tasks to queue
[2022-12-04T18:25:43.229+0000] {logging_mixin.py:137} INFO - [2022-12-04T18:25:43.229+0000] {dagbag.py:538} INFO - Filling up the DagBag from /opt/airflow/dags/predict_values.py
[2022-12-04T18:25:44.610+0000] {processor.py:753} INFO - DAG(s) dict_keys(['data_generation']) retrieved from /opt/airflow/dags/predict_values.py
[2022-12-04T18:25:44.643+0000] {logging_mixin.py:137} INFO - [2022-12-04T18:25:44.642+0000] {dag.py:2676} INFO - Sync 1 DAGs
[2022-12-04T18:25:44.663+0000] {logging_mixin.py:137} INFO - [2022-12-04T18:25:44.663+0000] {dag.py:3427} INFO - Setting next_dagrun for data_generation to 2022-12-04T00:00:00+00:00, run_after=2022-12-05T00:00:00+00:00
[2022-12-04T18:25:44.679+0000] {processor.py:175} INFO - Processing /opt/airflow/dags/predict_values.py took 1.478 seconds
[2022-12-04T18:26:14.839+0000] {processor.py:153} INFO - Started process (PID=16270) to work on /opt/airflow/dags/predict_values.py
[2022-12-04T18:26:14.843+0000] {processor.py:743} INFO - Processing file /opt/airflow/dags/predict_values.py for tasks to queue
[2022-12-04T18:26:14.846+0000] {logging_mixin.py:137} INFO - [2022-12-04T18:26:14.846+0000] {dagbag.py:538} INFO - Filling up the DagBag from /opt/airflow/dags/predict_values.py
[2022-12-04T18:26:15.339+0000] {processor.py:753} INFO - DAG(s) dict_keys(['data_generation']) retrieved from /opt/airflow/dags/predict_values.py
[2022-12-04T18:26:15.390+0000] {logging_mixin.py:137} INFO - [2022-12-04T18:26:15.390+0000] {dag.py:2676} INFO - Sync 1 DAGs
[2022-12-04T18:26:15.406+0000] {logging_mixin.py:137} INFO - [2022-12-04T18:26:15.406+0000] {dag.py:3427} INFO - Setting next_dagrun for data_generation to 2022-12-04T00:00:00+00:00, run_after=2022-12-05T00:00:00+00:00
[2022-12-04T18:26:15.424+0000] {processor.py:175} INFO - Processing /opt/airflow/dags/predict_values.py took 0.591 seconds
[2022-12-04T18:26:25.247+0000] {processor.py:153} INFO - Started process (PID=16313) to work on /opt/airflow/dags/predict_values.py
[2022-12-04T18:26:25.249+0000] {processor.py:743} INFO - Processing file /opt/airflow/dags/predict_values.py for tasks to queue
[2022-12-04T18:26:25.251+0000] {logging_mixin.py:137} INFO - [2022-12-04T18:26:25.251+0000] {dagbag.py:538} INFO - Filling up the DagBag from /opt/airflow/dags/predict_values.py
[2022-12-04T18:26:26.442+0000] {processor.py:753} INFO - DAG(s) dict_keys(['data_generation']) retrieved from /opt/airflow/dags/predict_values.py
[2022-12-04T18:26:26.476+0000] {logging_mixin.py:137} INFO - [2022-12-04T18:26:26.475+0000] {dag.py:2676} INFO - Sync 1 DAGs
[2022-12-04T18:26:26.504+0000] {logging_mixin.py:137} INFO - [2022-12-04T18:26:26.504+0000] {dag.py:3427} INFO - Setting next_dagrun for data_generation to 2022-12-04T00:00:00+00:00, run_after=2022-12-05T00:00:00+00:00
[2022-12-04T18:26:26.529+0000] {processor.py:175} INFO - Processing /opt/airflow/dags/predict_values.py took 1.286 seconds
[2022-12-04T18:26:57.015+0000] {processor.py:153} INFO - Started process (PID=16398) to work on /opt/airflow/dags/predict_values.py
[2022-12-04T18:26:57.017+0000] {processor.py:743} INFO - Processing file /opt/airflow/dags/predict_values.py for tasks to queue
[2022-12-04T18:26:57.019+0000] {logging_mixin.py:137} INFO - [2022-12-04T18:26:57.019+0000] {dagbag.py:538} INFO - Filling up the DagBag from /opt/airflow/dags/predict_values.py
[2022-12-04T18:26:57.572+0000] {processor.py:753} INFO - DAG(s) dict_keys(['data_generation']) retrieved from /opt/airflow/dags/predict_values.py
[2022-12-04T18:26:57.591+0000] {logging_mixin.py:137} INFO - [2022-12-04T18:26:57.590+0000] {dag.py:2676} INFO - Sync 1 DAGs
[2022-12-04T18:26:57.606+0000] {logging_mixin.py:137} INFO - [2022-12-04T18:26:57.606+0000] {dag.py:3427} INFO - Setting next_dagrun for data_generation to 2022-12-04T00:00:00+00:00, run_after=2022-12-05T00:00:00+00:00
[2022-12-04T18:26:57.617+0000] {processor.py:175} INFO - Processing /opt/airflow/dags/predict_values.py took 0.606 seconds
[2022-12-04T18:27:20.789+0000] {processor.py:153} INFO - Started process (PID=16444) to work on /opt/airflow/dags/predict_values.py
[2022-12-04T18:27:20.791+0000] {processor.py:743} INFO - Processing file /opt/airflow/dags/predict_values.py for tasks to queue
[2022-12-04T18:27:20.793+0000] {logging_mixin.py:137} INFO - [2022-12-04T18:27:20.793+0000] {dagbag.py:538} INFO - Filling up the DagBag from /opt/airflow/dags/predict_values.py
[2022-12-04T18:27:21.741+0000] {processor.py:753} INFO - DAG(s) dict_keys(['predict_data']) retrieved from /opt/airflow/dags/predict_values.py
[2022-12-04T18:27:21.845+0000] {logging_mixin.py:137} INFO - [2022-12-04T18:27:21.845+0000] {manager.py:504} INFO - Created Permission View: can edit on DAG:predict_data
[2022-12-04T18:27:21.853+0000] {logging_mixin.py:137} INFO - [2022-12-04T18:27:21.853+0000] {manager.py:504} INFO - Created Permission View: can delete on DAG:predict_data
[2022-12-04T18:27:21.859+0000] {logging_mixin.py:137} INFO - [2022-12-04T18:27:21.859+0000] {manager.py:504} INFO - Created Permission View: can read on DAG:predict_data
[2022-12-04T18:27:21.867+0000] {logging_mixin.py:137} INFO - [2022-12-04T18:27:21.867+0000] {dag.py:2676} INFO - Sync 1 DAGs
[2022-12-04T18:27:21.879+0000] {logging_mixin.py:137} INFO - [2022-12-04T18:27:21.878+0000] {dag.py:2697} INFO - Creating ORM DAG for predict_data
[2022-12-04T18:27:21.890+0000] {logging_mixin.py:137} INFO - [2022-12-04T18:27:21.890+0000] {dag.py:3427} INFO - Setting next_dagrun for predict_data to 2022-12-02T00:00:00+00:00, run_after=2022-12-03T00:00:00+00:00
[2022-12-04T18:27:21.927+0000] {processor.py:175} INFO - Processing /opt/airflow/dags/predict_values.py took 1.142 seconds
[2022-12-04T18:27:52.868+0000] {processor.py:153} INFO - Started process (PID=16526) to work on /opt/airflow/dags/predict_values.py
[2022-12-04T18:27:52.874+0000] {processor.py:743} INFO - Processing file /opt/airflow/dags/predict_values.py for tasks to queue
[2022-12-04T18:27:52.876+0000] {logging_mixin.py:137} INFO - [2022-12-04T18:27:52.876+0000] {dagbag.py:538} INFO - Filling up the DagBag from /opt/airflow/dags/predict_values.py
[2022-12-04T18:27:53.405+0000] {processor.py:753} INFO - DAG(s) dict_keys(['predict_data']) retrieved from /opt/airflow/dags/predict_values.py
[2022-12-04T18:27:53.451+0000] {logging_mixin.py:137} INFO - [2022-12-04T18:27:53.451+0000] {dag.py:2676} INFO - Sync 1 DAGs
[2022-12-04T18:27:53.474+0000] {logging_mixin.py:137} INFO - [2022-12-04T18:27:53.474+0000] {dag.py:3427} INFO - Setting next_dagrun for predict_data to 2022-12-02T00:00:00+00:00, run_after=2022-12-03T00:00:00+00:00
[2022-12-04T18:27:53.491+0000] {processor.py:175} INFO - Processing /opt/airflow/dags/predict_values.py took 0.626 seconds
[2022-12-04T18:28:24.181+0000] {processor.py:153} INFO - Started process (PID=16595) to work on /opt/airflow/dags/predict_values.py
[2022-12-04T18:28:24.185+0000] {processor.py:743} INFO - Processing file /opt/airflow/dags/predict_values.py for tasks to queue
[2022-12-04T18:28:24.210+0000] {logging_mixin.py:137} INFO - [2022-12-04T18:28:24.210+0000] {dagbag.py:538} INFO - Filling up the DagBag from /opt/airflow/dags/predict_values.py
[2022-12-04T18:28:24.770+0000] {processor.py:753} INFO - DAG(s) dict_keys(['predict_data']) retrieved from /opt/airflow/dags/predict_values.py
[2022-12-04T18:28:24.799+0000] {logging_mixin.py:137} INFO - [2022-12-04T18:28:24.799+0000] {dag.py:2676} INFO - Sync 1 DAGs
[2022-12-04T18:28:24.830+0000] {processor.py:175} INFO - Processing /opt/airflow/dags/predict_values.py took 0.654 seconds
[2022-12-04T18:28:55.025+0000] {processor.py:153} INFO - Started process (PID=16677) to work on /opt/airflow/dags/predict_values.py
[2022-12-04T18:28:55.028+0000] {processor.py:743} INFO - Processing file /opt/airflow/dags/predict_values.py for tasks to queue
[2022-12-04T18:28:55.030+0000] {logging_mixin.py:137} INFO - [2022-12-04T18:28:55.030+0000] {dagbag.py:538} INFO - Filling up the DagBag from /opt/airflow/dags/predict_values.py
[2022-12-04T18:28:55.436+0000] {processor.py:753} INFO - DAG(s) dict_keys(['predict_data']) retrieved from /opt/airflow/dags/predict_values.py
[2022-12-04T18:28:55.462+0000] {logging_mixin.py:137} INFO - [2022-12-04T18:28:55.462+0000] {dag.py:2676} INFO - Sync 1 DAGs
[2022-12-04T18:28:55.479+0000] {logging_mixin.py:137} INFO - [2022-12-04T18:28:55.479+0000] {dag.py:3427} INFO - Setting next_dagrun for predict_data to 2022-12-04T00:00:00+00:00, run_after=2022-12-05T00:00:00+00:00
[2022-12-04T18:28:55.492+0000] {processor.py:175} INFO - Processing /opt/airflow/dags/predict_values.py took 0.473 seconds
[2022-12-04T18:29:25.874+0000] {processor.py:153} INFO - Started process (PID=16746) to work on /opt/airflow/dags/predict_values.py
[2022-12-04T18:29:25.877+0000] {processor.py:743} INFO - Processing file /opt/airflow/dags/predict_values.py for tasks to queue
[2022-12-04T18:29:25.879+0000] {logging_mixin.py:137} INFO - [2022-12-04T18:29:25.879+0000] {dagbag.py:538} INFO - Filling up the DagBag from /opt/airflow/dags/predict_values.py
[2022-12-04T18:29:26.540+0000] {processor.py:753} INFO - DAG(s) dict_keys(['predict_data']) retrieved from /opt/airflow/dags/predict_values.py
[2022-12-04T18:29:26.587+0000] {logging_mixin.py:137} INFO - [2022-12-04T18:29:26.586+0000] {dag.py:2676} INFO - Sync 1 DAGs
[2022-12-04T18:29:26.612+0000] {logging_mixin.py:137} INFO - [2022-12-04T18:29:26.612+0000] {dag.py:3427} INFO - Setting next_dagrun for predict_data to 2022-12-04T00:00:00+00:00, run_after=2022-12-05T00:00:00+00:00
[2022-12-04T18:29:26.640+0000] {processor.py:175} INFO - Processing /opt/airflow/dags/predict_values.py took 0.770 seconds
[2022-12-04T18:29:56.852+0000] {processor.py:153} INFO - Started process (PID=16831) to work on /opt/airflow/dags/predict_values.py
[2022-12-04T18:29:56.857+0000] {processor.py:743} INFO - Processing file /opt/airflow/dags/predict_values.py for tasks to queue
[2022-12-04T18:29:56.859+0000] {logging_mixin.py:137} INFO - [2022-12-04T18:29:56.859+0000] {dagbag.py:538} INFO - Filling up the DagBag from /opt/airflow/dags/predict_values.py
[2022-12-04T18:29:57.302+0000] {processor.py:753} INFO - DAG(s) dict_keys(['predict_data']) retrieved from /opt/airflow/dags/predict_values.py
[2022-12-04T18:29:57.327+0000] {logging_mixin.py:137} INFO - [2022-12-04T18:29:57.327+0000] {dag.py:2676} INFO - Sync 1 DAGs
[2022-12-04T18:29:57.341+0000] {logging_mixin.py:137} INFO - [2022-12-04T18:29:57.341+0000] {dag.py:3427} INFO - Setting next_dagrun for predict_data to 2022-12-04T00:00:00+00:00, run_after=2022-12-05T00:00:00+00:00
[2022-12-04T18:29:57.353+0000] {processor.py:175} INFO - Processing /opt/airflow/dags/predict_values.py took 0.505 seconds
[2022-12-04T18:30:27.915+0000] {processor.py:153} INFO - Started process (PID=16913) to work on /opt/airflow/dags/predict_values.py
[2022-12-04T18:30:27.918+0000] {processor.py:743} INFO - Processing file /opt/airflow/dags/predict_values.py for tasks to queue
[2022-12-04T18:30:27.919+0000] {logging_mixin.py:137} INFO - [2022-12-04T18:30:27.919+0000] {dagbag.py:538} INFO - Filling up the DagBag from /opt/airflow/dags/predict_values.py
[2022-12-04T18:30:28.408+0000] {processor.py:753} INFO - DAG(s) dict_keys(['predict_data']) retrieved from /opt/airflow/dags/predict_values.py
[2022-12-04T18:30:28.434+0000] {logging_mixin.py:137} INFO - [2022-12-04T18:30:28.433+0000] {dag.py:2676} INFO - Sync 1 DAGs
[2022-12-04T18:30:28.453+0000] {logging_mixin.py:137} INFO - [2022-12-04T18:30:28.452+0000] {dag.py:3427} INFO - Setting next_dagrun for predict_data to 2022-12-04T00:00:00+00:00, run_after=2022-12-05T00:00:00+00:00
[2022-12-04T18:30:28.468+0000] {processor.py:175} INFO - Processing /opt/airflow/dags/predict_values.py took 0.558 seconds
[2022-12-04T18:30:34.749+0000] {processor.py:153} INFO - Started process (PID=16947) to work on /opt/airflow/dags/predict_values.py
[2022-12-04T18:30:34.751+0000] {processor.py:743} INFO - Processing file /opt/airflow/dags/predict_values.py for tasks to queue
[2022-12-04T18:30:34.752+0000] {logging_mixin.py:137} INFO - [2022-12-04T18:30:34.752+0000] {dagbag.py:538} INFO - Filling up the DagBag from /opt/airflow/dags/predict_values.py
[2022-12-04T18:30:35.628+0000] {processor.py:753} INFO - DAG(s) dict_keys(['predict_data']) retrieved from /opt/airflow/dags/predict_values.py
[2022-12-04T18:30:35.685+0000] {logging_mixin.py:137} INFO - [2022-12-04T18:30:35.684+0000] {dag.py:2676} INFO - Sync 1 DAGs
[2022-12-04T18:30:35.708+0000] {logging_mixin.py:137} INFO - [2022-12-04T18:30:35.708+0000] {dag.py:3427} INFO - Setting next_dagrun for predict_data to 2022-12-04T00:00:00+00:00, run_after=2022-12-05T00:00:00+00:00
[2022-12-04T18:30:35.729+0000] {processor.py:175} INFO - Processing /opt/airflow/dags/predict_values.py took 0.984 seconds
[2022-12-04T18:31:06.001+0000] {processor.py:153} INFO - Started process (PID=17031) to work on /opt/airflow/dags/predict_values.py
[2022-12-04T18:31:06.005+0000] {processor.py:743} INFO - Processing file /opt/airflow/dags/predict_values.py for tasks to queue
[2022-12-04T18:31:06.015+0000] {logging_mixin.py:137} INFO - [2022-12-04T18:31:06.014+0000] {dagbag.py:538} INFO - Filling up the DagBag from /opt/airflow/dags/predict_values.py
[2022-12-04T18:31:06.606+0000] {processor.py:753} INFO - DAG(s) dict_keys(['predict_data']) retrieved from /opt/airflow/dags/predict_values.py
[2022-12-04T18:31:06.634+0000] {logging_mixin.py:137} INFO - [2022-12-04T18:31:06.634+0000] {dag.py:2676} INFO - Sync 1 DAGs
[2022-12-04T18:31:06.650+0000] {logging_mixin.py:137} INFO - [2022-12-04T18:31:06.650+0000] {dag.py:3427} INFO - Setting next_dagrun for predict_data to 2022-12-04T00:00:00+00:00, run_after=2022-12-05T00:00:00+00:00
[2022-12-04T18:31:06.661+0000] {processor.py:175} INFO - Processing /opt/airflow/dags/predict_values.py took 0.666 seconds
[2022-12-04T18:31:37.494+0000] {processor.py:153} INFO - Started process (PID=17108) to work on /opt/airflow/dags/predict_values.py
[2022-12-04T18:31:37.497+0000] {processor.py:743} INFO - Processing file /opt/airflow/dags/predict_values.py for tasks to queue
[2022-12-04T18:31:37.499+0000] {logging_mixin.py:137} INFO - [2022-12-04T18:31:37.499+0000] {dagbag.py:538} INFO - Filling up the DagBag from /opt/airflow/dags/predict_values.py
[2022-12-04T18:31:38.002+0000] {processor.py:753} INFO - DAG(s) dict_keys(['predict_data']) retrieved from /opt/airflow/dags/predict_values.py
[2022-12-04T18:31:38.085+0000] {logging_mixin.py:137} INFO - [2022-12-04T18:31:38.084+0000] {dag.py:2676} INFO - Sync 1 DAGs
[2022-12-04T18:31:38.105+0000] {logging_mixin.py:137} INFO - [2022-12-04T18:31:38.105+0000] {dag.py:3427} INFO - Setting next_dagrun for predict_data to 2022-12-04T00:00:00+00:00, run_after=2022-12-05T00:00:00+00:00
[2022-12-04T18:31:38.129+0000] {processor.py:175} INFO - Processing /opt/airflow/dags/predict_values.py took 0.638 seconds
[2022-12-04T18:32:08.812+0000] {processor.py:153} INFO - Started process (PID=17184) to work on /opt/airflow/dags/predict_values.py
[2022-12-04T18:32:08.815+0000] {processor.py:743} INFO - Processing file /opt/airflow/dags/predict_values.py for tasks to queue
[2022-12-04T18:32:08.816+0000] {logging_mixin.py:137} INFO - [2022-12-04T18:32:08.816+0000] {dagbag.py:538} INFO - Filling up the DagBag from /opt/airflow/dags/predict_values.py
[2022-12-04T18:32:09.272+0000] {processor.py:753} INFO - DAG(s) dict_keys(['predict_data']) retrieved from /opt/airflow/dags/predict_values.py
[2022-12-04T18:32:09.299+0000] {logging_mixin.py:137} INFO - [2022-12-04T18:32:09.298+0000] {dag.py:2676} INFO - Sync 1 DAGs
[2022-12-04T18:32:09.317+0000] {logging_mixin.py:137} INFO - [2022-12-04T18:32:09.317+0000] {dag.py:3427} INFO - Setting next_dagrun for predict_data to 2022-12-04T00:00:00+00:00, run_after=2022-12-05T00:00:00+00:00
[2022-12-04T18:32:09.329+0000] {processor.py:175} INFO - Processing /opt/airflow/dags/predict_values.py took 0.520 seconds
[2022-12-04T18:32:39.633+0000] {processor.py:153} INFO - Started process (PID=17267) to work on /opt/airflow/dags/predict_values.py
[2022-12-04T18:32:39.636+0000] {processor.py:743} INFO - Processing file /opt/airflow/dags/predict_values.py for tasks to queue
[2022-12-04T18:32:39.638+0000] {logging_mixin.py:137} INFO - [2022-12-04T18:32:39.638+0000] {dagbag.py:538} INFO - Filling up the DagBag from /opt/airflow/dags/predict_values.py
[2022-12-04T18:32:40.454+0000] {processor.py:753} INFO - DAG(s) dict_keys(['predict_data']) retrieved from /opt/airflow/dags/predict_values.py
[2022-12-04T18:32:40.488+0000] {logging_mixin.py:137} INFO - [2022-12-04T18:32:40.487+0000] {dag.py:2676} INFO - Sync 1 DAGs
[2022-12-04T18:32:40.510+0000] {logging_mixin.py:137} INFO - [2022-12-04T18:32:40.510+0000] {dag.py:3427} INFO - Setting next_dagrun for predict_data to 2022-12-04T00:00:00+00:00, run_after=2022-12-05T00:00:00+00:00
[2022-12-04T18:32:40.526+0000] {processor.py:175} INFO - Processing /opt/airflow/dags/predict_values.py took 0.900 seconds
[2022-12-04T18:33:11.026+0000] {processor.py:153} INFO - Started process (PID=17337) to work on /opt/airflow/dags/predict_values.py
[2022-12-04T18:33:11.030+0000] {processor.py:743} INFO - Processing file /opt/airflow/dags/predict_values.py for tasks to queue
[2022-12-04T18:33:11.032+0000] {logging_mixin.py:137} INFO - [2022-12-04T18:33:11.032+0000] {dagbag.py:538} INFO - Filling up the DagBag from /opt/airflow/dags/predict_values.py
[2022-12-04T18:33:11.508+0000] {processor.py:753} INFO - DAG(s) dict_keys(['predict_data']) retrieved from /opt/airflow/dags/predict_values.py
[2022-12-04T18:33:11.537+0000] {logging_mixin.py:137} INFO - [2022-12-04T18:33:11.536+0000] {dag.py:2676} INFO - Sync 1 DAGs
[2022-12-04T18:33:11.554+0000] {logging_mixin.py:137} INFO - [2022-12-04T18:33:11.554+0000] {dag.py:3427} INFO - Setting next_dagrun for predict_data to 2022-12-04T00:00:00+00:00, run_after=2022-12-05T00:00:00+00:00
[2022-12-04T18:33:11.565+0000] {processor.py:175} INFO - Processing /opt/airflow/dags/predict_values.py took 0.547 seconds
[2022-12-04T18:33:41.994+0000] {processor.py:153} INFO - Started process (PID=17420) to work on /opt/airflow/dags/predict_values.py
[2022-12-04T18:33:41.996+0000] {processor.py:743} INFO - Processing file /opt/airflow/dags/predict_values.py for tasks to queue
[2022-12-04T18:33:41.997+0000] {logging_mixin.py:137} INFO - [2022-12-04T18:33:41.997+0000] {dagbag.py:538} INFO - Filling up the DagBag from /opt/airflow/dags/predict_values.py
[2022-12-04T18:33:42.370+0000] {processor.py:753} INFO - DAG(s) dict_keys(['predict_data']) retrieved from /opt/airflow/dags/predict_values.py
[2022-12-04T18:33:42.394+0000] {logging_mixin.py:137} INFO - [2022-12-04T18:33:42.394+0000] {dag.py:2676} INFO - Sync 1 DAGs
[2022-12-04T18:33:42.410+0000] {logging_mixin.py:137} INFO - [2022-12-04T18:33:42.410+0000] {dag.py:3427} INFO - Setting next_dagrun for predict_data to 2022-12-04T00:00:00+00:00, run_after=2022-12-05T00:00:00+00:00
[2022-12-04T18:33:42.425+0000] {processor.py:175} INFO - Processing /opt/airflow/dags/predict_values.py took 0.435 seconds
[2022-12-04T18:34:13.155+0000] {processor.py:153} INFO - Started process (PID=17501) to work on /opt/airflow/dags/predict_values.py
[2022-12-04T18:34:13.158+0000] {processor.py:743} INFO - Processing file /opt/airflow/dags/predict_values.py for tasks to queue
[2022-12-04T18:34:13.159+0000] {logging_mixin.py:137} INFO - [2022-12-04T18:34:13.159+0000] {dagbag.py:538} INFO - Filling up the DagBag from /opt/airflow/dags/predict_values.py
[2022-12-04T18:34:13.553+0000] {processor.py:753} INFO - DAG(s) dict_keys(['predict_data']) retrieved from /opt/airflow/dags/predict_values.py
[2022-12-04T18:34:13.578+0000] {logging_mixin.py:137} INFO - [2022-12-04T18:34:13.578+0000] {dag.py:2676} INFO - Sync 1 DAGs
[2022-12-04T18:34:13.593+0000] {logging_mixin.py:137} INFO - [2022-12-04T18:34:13.593+0000] {dag.py:3427} INFO - Setting next_dagrun for predict_data to 2022-12-04T00:00:00+00:00, run_after=2022-12-05T00:00:00+00:00
[2022-12-04T18:34:13.606+0000] {processor.py:175} INFO - Processing /opt/airflow/dags/predict_values.py took 0.454 seconds
[2022-12-04T18:34:43.978+0000] {processor.py:153} INFO - Started process (PID=17570) to work on /opt/airflow/dags/predict_values.py
[2022-12-04T18:34:43.981+0000] {processor.py:743} INFO - Processing file /opt/airflow/dags/predict_values.py for tasks to queue
[2022-12-04T18:34:43.982+0000] {logging_mixin.py:137} INFO - [2022-12-04T18:34:43.982+0000] {dagbag.py:538} INFO - Filling up the DagBag from /opt/airflow/dags/predict_values.py
[2022-12-04T18:34:44.444+0000] {processor.py:753} INFO - DAG(s) dict_keys(['predict_data']) retrieved from /opt/airflow/dags/predict_values.py
[2022-12-04T18:34:44.471+0000] {logging_mixin.py:137} INFO - [2022-12-04T18:34:44.471+0000] {dag.py:2676} INFO - Sync 1 DAGs
[2022-12-04T18:34:44.489+0000] {logging_mixin.py:137} INFO - [2022-12-04T18:34:44.489+0000] {dag.py:3427} INFO - Setting next_dagrun for predict_data to 2022-12-04T00:00:00+00:00, run_after=2022-12-05T00:00:00+00:00
[2022-12-04T18:34:44.503+0000] {processor.py:175} INFO - Processing /opt/airflow/dags/predict_values.py took 0.528 seconds
[2022-12-04T18:35:14.952+0000] {processor.py:153} INFO - Started process (PID=17653) to work on /opt/airflow/dags/predict_values.py
[2022-12-04T18:35:14.955+0000] {processor.py:743} INFO - Processing file /opt/airflow/dags/predict_values.py for tasks to queue
[2022-12-04T18:35:14.957+0000] {logging_mixin.py:137} INFO - [2022-12-04T18:35:14.957+0000] {dagbag.py:538} INFO - Filling up the DagBag from /opt/airflow/dags/predict_values.py
[2022-12-04T18:35:15.346+0000] {processor.py:753} INFO - DAG(s) dict_keys(['predict_data']) retrieved from /opt/airflow/dags/predict_values.py
[2022-12-04T18:35:15.370+0000] {logging_mixin.py:137} INFO - [2022-12-04T18:35:15.369+0000] {dag.py:2676} INFO - Sync 1 DAGs
[2022-12-04T18:35:15.384+0000] {logging_mixin.py:137} INFO - [2022-12-04T18:35:15.384+0000] {dag.py:3427} INFO - Setting next_dagrun for predict_data to 2022-12-04T00:00:00+00:00, run_after=2022-12-05T00:00:00+00:00
[2022-12-04T18:35:15.395+0000] {processor.py:175} INFO - Processing /opt/airflow/dags/predict_values.py took 0.446 seconds
[2022-12-04T18:35:46.471+0000] {processor.py:153} INFO - Started process (PID=17735) to work on /opt/airflow/dags/predict_values.py
[2022-12-04T18:35:46.474+0000] {processor.py:743} INFO - Processing file /opt/airflow/dags/predict_values.py for tasks to queue
[2022-12-04T18:35:46.476+0000] {logging_mixin.py:137} INFO - [2022-12-04T18:35:46.476+0000] {dagbag.py:538} INFO - Filling up the DagBag from /opt/airflow/dags/predict_values.py
[2022-12-04T18:35:46.873+0000] {processor.py:753} INFO - DAG(s) dict_keys(['predict_data']) retrieved from /opt/airflow/dags/predict_values.py
[2022-12-04T18:35:46.897+0000] {logging_mixin.py:137} INFO - [2022-12-04T18:35:46.897+0000] {dag.py:2676} INFO - Sync 1 DAGs
[2022-12-04T18:35:46.914+0000] {logging_mixin.py:137} INFO - [2022-12-04T18:35:46.913+0000] {dag.py:3427} INFO - Setting next_dagrun for predict_data to 2022-12-04T00:00:00+00:00, run_after=2022-12-05T00:00:00+00:00
[2022-12-04T18:35:46.925+0000] {processor.py:175} INFO - Processing /opt/airflow/dags/predict_values.py took 0.459 seconds
[2022-12-04T18:36:17.222+0000] {processor.py:153} INFO - Started process (PID=17804) to work on /opt/airflow/dags/predict_values.py
[2022-12-04T18:36:17.225+0000] {processor.py:743} INFO - Processing file /opt/airflow/dags/predict_values.py for tasks to queue
[2022-12-04T18:36:17.227+0000] {logging_mixin.py:137} INFO - [2022-12-04T18:36:17.227+0000] {dagbag.py:538} INFO - Filling up the DagBag from /opt/airflow/dags/predict_values.py
[2022-12-04T18:36:17.812+0000] {processor.py:753} INFO - DAG(s) dict_keys(['predict_data']) retrieved from /opt/airflow/dags/predict_values.py
[2022-12-04T18:36:17.844+0000] {logging_mixin.py:137} INFO - [2022-12-04T18:36:17.844+0000] {dag.py:2676} INFO - Sync 1 DAGs
[2022-12-04T18:36:17.864+0000] {logging_mixin.py:137} INFO - [2022-12-04T18:36:17.864+0000] {dag.py:3427} INFO - Setting next_dagrun for predict_data to 2022-12-04T00:00:00+00:00, run_after=2022-12-05T00:00:00+00:00
[2022-12-04T18:36:17.880+0000] {processor.py:175} INFO - Processing /opt/airflow/dags/predict_values.py took 0.662 seconds
[2022-12-04T18:36:48.865+0000] {processor.py:153} INFO - Started process (PID=17886) to work on /opt/airflow/dags/predict_values.py
[2022-12-04T18:36:48.889+0000] {processor.py:743} INFO - Processing file /opt/airflow/dags/predict_values.py for tasks to queue
[2022-12-04T18:36:48.892+0000] {logging_mixin.py:137} INFO - [2022-12-04T18:36:48.892+0000] {dagbag.py:538} INFO - Filling up the DagBag from /opt/airflow/dags/predict_values.py
[2022-12-04T18:36:49.407+0000] {processor.py:753} INFO - DAG(s) dict_keys(['predict_data']) retrieved from /opt/airflow/dags/predict_values.py
[2022-12-04T18:36:49.438+0000] {logging_mixin.py:137} INFO - [2022-12-04T18:36:49.438+0000] {dag.py:2676} INFO - Sync 1 DAGs
[2022-12-04T18:36:49.456+0000] {logging_mixin.py:137} INFO - [2022-12-04T18:36:49.456+0000] {dag.py:3427} INFO - Setting next_dagrun for predict_data to 2022-12-04T00:00:00+00:00, run_after=2022-12-05T00:00:00+00:00
[2022-12-04T18:36:49.470+0000] {processor.py:175} INFO - Processing /opt/airflow/dags/predict_values.py took 0.613 seconds
[2022-12-04T18:37:20.462+0000] {processor.py:153} INFO - Started process (PID=17969) to work on /opt/airflow/dags/predict_values.py
[2022-12-04T18:37:20.464+0000] {processor.py:743} INFO - Processing file /opt/airflow/dags/predict_values.py for tasks to queue
[2022-12-04T18:37:20.466+0000] {logging_mixin.py:137} INFO - [2022-12-04T18:37:20.466+0000] {dagbag.py:538} INFO - Filling up the DagBag from /opt/airflow/dags/predict_values.py
[2022-12-04T18:37:20.841+0000] {processor.py:753} INFO - DAG(s) dict_keys(['predict_data']) retrieved from /opt/airflow/dags/predict_values.py
[2022-12-04T18:37:20.866+0000] {logging_mixin.py:137} INFO - [2022-12-04T18:37:20.866+0000] {dag.py:2676} INFO - Sync 1 DAGs
[2022-12-04T18:37:20.881+0000] {logging_mixin.py:137} INFO - [2022-12-04T18:37:20.881+0000] {dag.py:3427} INFO - Setting next_dagrun for predict_data to 2022-12-04T00:00:00+00:00, run_after=2022-12-05T00:00:00+00:00
[2022-12-04T18:37:20.892+0000] {processor.py:175} INFO - Processing /opt/airflow/dags/predict_values.py took 0.434 seconds
[2022-12-04T18:37:51.907+0000] {processor.py:153} INFO - Started process (PID=18039) to work on /opt/airflow/dags/predict_values.py
[2022-12-04T18:37:51.911+0000] {processor.py:743} INFO - Processing file /opt/airflow/dags/predict_values.py for tasks to queue
[2022-12-04T18:37:51.913+0000] {logging_mixin.py:137} INFO - [2022-12-04T18:37:51.912+0000] {dagbag.py:538} INFO - Filling up the DagBag from /opt/airflow/dags/predict_values.py
[2022-12-04T18:37:52.416+0000] {processor.py:753} INFO - DAG(s) dict_keys(['predict_data']) retrieved from /opt/airflow/dags/predict_values.py
[2022-12-04T18:37:52.441+0000] {logging_mixin.py:137} INFO - [2022-12-04T18:37:52.441+0000] {dag.py:2676} INFO - Sync 1 DAGs
[2022-12-04T18:37:52.457+0000] {logging_mixin.py:137} INFO - [2022-12-04T18:37:52.457+0000] {dag.py:3427} INFO - Setting next_dagrun for predict_data to 2022-12-04T00:00:00+00:00, run_after=2022-12-05T00:00:00+00:00
[2022-12-04T18:37:52.467+0000] {processor.py:175} INFO - Processing /opt/airflow/dags/predict_values.py took 0.565 seconds
[2022-12-04T18:38:23.405+0000] {processor.py:153} INFO - Started process (PID=18121) to work on /opt/airflow/dags/predict_values.py
[2022-12-04T18:38:23.408+0000] {processor.py:743} INFO - Processing file /opt/airflow/dags/predict_values.py for tasks to queue
[2022-12-04T18:38:23.410+0000] {logging_mixin.py:137} INFO - [2022-12-04T18:38:23.409+0000] {dagbag.py:538} INFO - Filling up the DagBag from /opt/airflow/dags/predict_values.py
[2022-12-04T18:38:23.862+0000] {processor.py:753} INFO - DAG(s) dict_keys(['predict_data']) retrieved from /opt/airflow/dags/predict_values.py
[2022-12-04T18:38:23.891+0000] {logging_mixin.py:137} INFO - [2022-12-04T18:38:23.891+0000] {dag.py:2676} INFO - Sync 1 DAGs
[2022-12-04T18:38:23.913+0000] {logging_mixin.py:137} INFO - [2022-12-04T18:38:23.913+0000] {dag.py:3427} INFO - Setting next_dagrun for predict_data to 2022-12-04T00:00:00+00:00, run_after=2022-12-05T00:00:00+00:00
[2022-12-04T18:38:23.932+0000] {processor.py:175} INFO - Processing /opt/airflow/dags/predict_values.py took 0.530 seconds
[2022-12-04T18:38:54.767+0000] {processor.py:153} INFO - Started process (PID=18202) to work on /opt/airflow/dags/predict_values.py
[2022-12-04T18:38:54.772+0000] {processor.py:743} INFO - Processing file /opt/airflow/dags/predict_values.py for tasks to queue
[2022-12-04T18:38:54.774+0000] {logging_mixin.py:137} INFO - [2022-12-04T18:38:54.774+0000] {dagbag.py:538} INFO - Filling up the DagBag from /opt/airflow/dags/predict_values.py
[2022-12-04T18:38:55.292+0000] {processor.py:753} INFO - DAG(s) dict_keys(['predict_data']) retrieved from /opt/airflow/dags/predict_values.py
[2022-12-04T18:38:55.319+0000] {logging_mixin.py:137} INFO - [2022-12-04T18:38:55.319+0000] {dag.py:2676} INFO - Sync 1 DAGs
[2022-12-04T18:38:55.336+0000] {logging_mixin.py:137} INFO - [2022-12-04T18:38:55.336+0000] {dag.py:3427} INFO - Setting next_dagrun for predict_data to 2022-12-04T00:00:00+00:00, run_after=2022-12-05T00:00:00+00:00
[2022-12-04T18:38:55.365+0000] {processor.py:175} INFO - Processing /opt/airflow/dags/predict_values.py took 0.603 seconds
