[2022-12-04T16:14:54.019+0000] {taskinstance.py:1087} INFO - Dependencies all met for <TaskInstance: data_generation.notification scheduled__2022-12-04T15:00:00+00:00 [queued]>
[2022-12-04T16:14:54.027+0000] {taskinstance.py:1087} INFO - Dependencies all met for <TaskInstance: data_generation.notification scheduled__2022-12-04T15:00:00+00:00 [queued]>
[2022-12-04T16:14:54.032+0000] {taskinstance.py:1283} INFO - 
--------------------------------------------------------------------------------
[2022-12-04T16:14:54.034+0000] {taskinstance.py:1284} INFO - Starting attempt 1 of 1
[2022-12-04T16:14:54.035+0000] {taskinstance.py:1285} INFO - 
--------------------------------------------------------------------------------
[2022-12-04T16:14:54.045+0000] {taskinstance.py:1304} INFO - Executing <Task(BashOperator): notification> on 2022-12-04 15:00:00+00:00
[2022-12-04T16:14:54.066+0000] {standard_task_runner.py:55} INFO - Started process 631 to run task
[2022-12-04T16:14:54.071+0000] {standard_task_runner.py:82} INFO - Running: ['***', 'tasks', 'run', 'data_generation', 'notification', 'scheduled__2022-12-04T15:00:00+00:00', '--job-id', '82', '--raw', '--subdir', 'DAGS_FOLDER/generate_data.py', '--cfg-path', '/tmp/tmpco9so9xr']
[2022-12-04T16:14:54.076+0000] {standard_task_runner.py:83} INFO - Job 82: Subtask notification
[2022-12-04T16:14:54.141+0000] {task_command.py:389} INFO - Running <TaskInstance: data_generation.notification scheduled__2022-12-04T15:00:00+00:00 [running]> on host c7dedbf79ea9
[2022-12-04T16:14:54.196+0000] {taskinstance.py:1513} INFO - Exporting the following env vars:
AIRFLOW_CTX_DAG_OWNER=***
AIRFLOW_CTX_DAG_ID=data_generation
AIRFLOW_CTX_TASK_ID=notification
AIRFLOW_CTX_EXECUTION_DATE=2022-12-04T15:00:00+00:00
AIRFLOW_CTX_TRY_NUMBER=1
AIRFLOW_CTX_DAG_RUN_ID=scheduled__2022-12-04T15:00:00+00:00
[2022-12-04T16:14:54.198+0000] {subprocess.py:63} INFO - Tmp dir root location: 
 /tmp
[2022-12-04T16:14:54.199+0000] {subprocess.py:75} INFO - Running command: ['/bin/bash', '-c', 'echo received data at 2022-12-04']
[2022-12-04T16:14:54.212+0000] {subprocess.py:86} INFO - Output:
[2022-12-04T16:14:54.214+0000] {subprocess.py:93} INFO - received data at 2022-12-04
[2022-12-04T16:14:54.217+0000] {subprocess.py:97} INFO - Command exited with return code 0
[2022-12-04T16:14:54.241+0000] {taskinstance.py:1327} INFO - Marking task as SUCCESS. dag_id=data_generation, task_id=notification, execution_date=20221204T150000, start_date=20221204T161454, end_date=20221204T161454
[2022-12-04T16:14:54.284+0000] {local_task_job.py:159} INFO - Task exited with return code 0
[2022-12-04T16:14:54.301+0000] {taskinstance.py:2582} INFO - 0 downstream tasks scheduled from follow-on schedule check
