[2022-12-04T16:12:37.237+0000] {taskinstance.py:1087} INFO - Dependencies all met for <TaskInstance: data_generation.generate_data scheduled__2022-12-03T08:00:00+00:00 [queued]>
[2022-12-04T16:12:37.244+0000] {taskinstance.py:1087} INFO - Dependencies all met for <TaskInstance: data_generation.generate_data scheduled__2022-12-03T08:00:00+00:00 [queued]>
[2022-12-04T16:12:37.246+0000] {taskinstance.py:1283} INFO - 
--------------------------------------------------------------------------------
[2022-12-04T16:12:37.247+0000] {taskinstance.py:1284} INFO - Starting attempt 1 of 1
[2022-12-04T16:12:37.248+0000] {taskinstance.py:1285} INFO - 
--------------------------------------------------------------------------------
[2022-12-04T16:12:37.258+0000] {taskinstance.py:1304} INFO - Executing <Task(PythonOperator): generate_data> on 2022-12-03 08:00:00+00:00
[2022-12-04T16:12:37.272+0000] {standard_task_runner.py:55} INFO - Started process 255 to run task
[2022-12-04T16:12:37.277+0000] {standard_task_runner.py:82} INFO - Running: ['***', 'tasks', 'run', 'data_generation', 'generate_data', 'scheduled__2022-12-03T08:00:00+00:00', '--job-id', '19', '--raw', '--subdir', 'DAGS_FOLDER/generate_data.py', '--cfg-path', '/tmp/tmph65_zxpn']
[2022-12-04T16:12:37.291+0000] {standard_task_runner.py:83} INFO - Job 19: Subtask generate_data
[2022-12-04T16:12:37.376+0000] {task_command.py:389} INFO - Running <TaskInstance: data_generation.generate_data scheduled__2022-12-03T08:00:00+00:00 [running]> on host c7dedbf79ea9
[2022-12-04T16:12:37.445+0000] {taskinstance.py:1513} INFO - Exporting the following env vars:
AIRFLOW_CTX_DAG_OWNER=***
AIRFLOW_CTX_DAG_ID=data_generation
AIRFLOW_CTX_TASK_ID=generate_data
AIRFLOW_CTX_EXECUTION_DATE=2022-12-03T08:00:00+00:00
AIRFLOW_CTX_TRY_NUMBER=1
AIRFLOW_CTX_DAG_RUN_ID=scheduled__2022-12-03T08:00:00+00:00
[2022-12-04T16:12:37.641+0000] {python.py:177} INFO - Done. Returned value was: None
[2022-12-04T16:12:37.656+0000] {taskinstance.py:1327} INFO - Marking task as SUCCESS. dag_id=data_generation, task_id=generate_data, execution_date=20221203T080000, start_date=20221204T161237, end_date=20221204T161237
[2022-12-04T16:12:37.707+0000] {local_task_job.py:159} INFO - Task exited with return code 0
[2022-12-04T16:12:37.730+0000] {taskinstance.py:2582} INFO - 1 downstream tasks scheduled from follow-on schedule check
