[2022-12-04T16:14:08.445+0000] {taskinstance.py:1087} INFO - Dependencies all met for <TaskInstance: data_generation.generate_data scheduled__2022-12-04T04:00:00+00:00 [queued]>
[2022-12-04T16:14:08.452+0000] {taskinstance.py:1087} INFO - Dependencies all met for <TaskInstance: data_generation.generate_data scheduled__2022-12-04T04:00:00+00:00 [queued]>
[2022-12-04T16:14:08.453+0000] {taskinstance.py:1283} INFO - 
--------------------------------------------------------------------------------
[2022-12-04T16:14:08.454+0000] {taskinstance.py:1284} INFO - Starting attempt 1 of 1
[2022-12-04T16:14:08.455+0000] {taskinstance.py:1285} INFO - 
--------------------------------------------------------------------------------
[2022-12-04T16:14:08.463+0000] {taskinstance.py:1304} INFO - Executing <Task(PythonOperator): generate_data> on 2022-12-04 04:00:00+00:00
[2022-12-04T16:14:08.469+0000] {standard_task_runner.py:55} INFO - Started process 499 to run task
[2022-12-04T16:14:08.473+0000] {standard_task_runner.py:82} INFO - Running: ['***', 'tasks', 'run', 'data_generation', 'generate_data', 'scheduled__2022-12-04T04:00:00+00:00', '--job-id', '59', '--raw', '--subdir', 'DAGS_FOLDER/generate_data.py', '--cfg-path', '/tmp/tmpu3u572ex']
[2022-12-04T16:14:08.476+0000] {standard_task_runner.py:83} INFO - Job 59: Subtask generate_data
[2022-12-04T16:14:08.537+0000] {task_command.py:389} INFO - Running <TaskInstance: data_generation.generate_data scheduled__2022-12-04T04:00:00+00:00 [running]> on host c7dedbf79ea9
[2022-12-04T16:14:08.592+0000] {taskinstance.py:1513} INFO - Exporting the following env vars:
AIRFLOW_CTX_DAG_OWNER=***
AIRFLOW_CTX_DAG_ID=data_generation
AIRFLOW_CTX_TASK_ID=generate_data
AIRFLOW_CTX_EXECUTION_DATE=2022-12-04T04:00:00+00:00
AIRFLOW_CTX_TRY_NUMBER=1
AIRFLOW_CTX_DAG_RUN_ID=scheduled__2022-12-04T04:00:00+00:00
[2022-12-04T16:14:08.686+0000] {python.py:177} INFO - Done. Returned value was: None
[2022-12-04T16:14:08.710+0000] {taskinstance.py:1327} INFO - Marking task as SUCCESS. dag_id=data_generation, task_id=generate_data, execution_date=20221204T040000, start_date=20221204T161408, end_date=20221204T161408
[2022-12-04T16:14:08.768+0000] {local_task_job.py:159} INFO - Task exited with return code 0
[2022-12-04T16:14:08.789+0000] {taskinstance.py:2582} INFO - 1 downstream tasks scheduled from follow-on schedule check
